ERROR - 2024-07-14 20:18:05 --> mysqli_sql_exception: Cannot delete or update a parent row: a foreign key constraint fails (`cetecbd_v1_2`.`tutores`, CONSTRAINT `tutores_ibfk_1` FOREIGN KEY (`IdUsuario`) REFERENCES `usuarios` (`IdUsuario`)) in C:\xampp\htdocs\sistema\system\Database\MySQLi\Connection.php:306
Stack trace:
#0 C:\xampp\htdocs\sistema\system\Database\MySQLi\Connection.php(306): mysqli->query('DELETE FROM `us...', 0)
#1 C:\xampp\htdocs\sistema\system\Database\BaseConnection.php(692): CodeIgniter\Database\MySQLi\Connection->execute('DELETE FROM `us...')
#2 C:\xampp\htdocs\sistema\system\Database\BaseConnection.php(606): CodeIgniter\Database\BaseConnection->simpleQuery('DELETE FROM `us...')
#3 C:\xampp\htdocs\sistema\system\Database\BaseBuilder.php(2790): CodeIgniter\Database\BaseConnection->query('DELETE FROM `us...', Array, false)
#4 C:\xampp\htdocs\sistema\system\Model.php(445): CodeIgniter\Database\BaseBuilder->delete()
#5 C:\xampp\htdocs\sistema\system\BaseModel.php(1080): CodeIgniter\Model->doDelete(Array, false)
#6 C:\xampp\htdocs\sistema\app\Controllers\API\Usuarios.php(86): CodeIgniter\BaseModel->delete(Array)
#7 C:\xampp\htdocs\sistema\system\CodeIgniter.php(919): App\Controllers\API\Usuarios->delete('1')
#8 C:\xampp\htdocs\sistema\system\CodeIgniter.php(494): CodeIgniter\CodeIgniter->runController(Object(App\Controllers\API\Usuarios))
#9 C:\xampp\htdocs\sistema\system\CodeIgniter.php(353): CodeIgniter\CodeIgniter->handleRequest(NULL, Object(Config\Cache), false)
#10 C:\xampp\htdocs\sistema\index.php(79): CodeIgniter\CodeIgniter->run()
#11 {main}
CRITICAL - 2024-07-14 20:18:06 --> Cannot delete or update a parent row: a foreign key constraint fails (`cetecbd_v1_2`.`tutores`, CONSTRAINT `tutores_ibfk_1` FOREIGN KEY (`IdUsuario`) REFERENCES `usuarios` (`IdUsuario`))
in SYSTEMPATH\Database\BaseConnection.php on line 646.
 1 SYSTEMPATH\Database\BaseBuilder.php(2790): CodeIgniter\Database\BaseConnection->query('DELETE FROM `usuarios`
WHERE `IdUsuario` IN :IdUsuario:', [...], false)
 2 SYSTEMPATH\Model.php(445): CodeIgniter\Database\BaseBuilder->delete()
 3 SYSTEMPATH\BaseModel.php(1080): CodeIgniter\Model->doDelete([...], false)
 4 APPPATH\Controllers\API\Usuarios.php(86): CodeIgniter\BaseModel->delete([...])
 5 SYSTEMPATH\CodeIgniter.php(919): App\Controllers\API\Usuarios->delete('1')
 6 SYSTEMPATH\CodeIgniter.php(494): CodeIgniter\CodeIgniter->runController(Object(App\Controllers\API\Usuarios))
 7 SYSTEMPATH\CodeIgniter.php(353): CodeIgniter\CodeIgniter->handleRequest(null, Object(Config\Cache), false)
 8 FCPATH\index.php(79): CodeIgniter\CodeIgniter->run()
ERROR - 2024-07-14 20:18:54 --> mysqli_sql_exception: Cannot delete or update a parent row: a foreign key constraint fails (`cetecbd_v1_2`.`tutores`, CONSTRAINT `tutores_ibfk_1` FOREIGN KEY (`IdUsuario`) REFERENCES `usuarios` (`IdUsuario`)) in C:\xampp\htdocs\sistema\system\Database\MySQLi\Connection.php:306
Stack trace:
#0 C:\xampp\htdocs\sistema\system\Database\MySQLi\Connection.php(306): mysqli->query('DELETE FROM `us...', 0)
#1 C:\xampp\htdocs\sistema\system\Database\BaseConnection.php(692): CodeIgniter\Database\MySQLi\Connection->execute('DELETE FROM `us...')
#2 C:\xampp\htdocs\sistema\system\Database\BaseConnection.php(606): CodeIgniter\Database\BaseConnection->simpleQuery('DELETE FROM `us...')
#3 C:\xampp\htdocs\sistema\system\Database\BaseBuilder.php(2790): CodeIgniter\Database\BaseConnection->query('DELETE FROM `us...', Array, false)
#4 C:\xampp\htdocs\sistema\system\Model.php(445): CodeIgniter\Database\BaseBuilder->delete()
#5 C:\xampp\htdocs\sistema\system\BaseModel.php(1080): CodeIgniter\Model->doDelete(Array, false)
#6 C:\xampp\htdocs\sistema\app\Controllers\API\Usuarios.php(86): CodeIgniter\BaseModel->delete(Array)
#7 C:\xampp\htdocs\sistema\system\CodeIgniter.php(919): App\Controllers\API\Usuarios->delete('1')
#8 C:\xampp\htdocs\sistema\system\CodeIgniter.php(494): CodeIgniter\CodeIgniter->runController(Object(App\Controllers\API\Usuarios))
#9 C:\xampp\htdocs\sistema\system\CodeIgniter.php(353): CodeIgniter\CodeIgniter->handleRequest(NULL, Object(Config\Cache), false)
#10 C:\xampp\htdocs\sistema\index.php(79): CodeIgniter\CodeIgniter->run()
#11 {main}
CRITICAL - 2024-07-14 20:18:55 --> Cannot delete or update a parent row: a foreign key constraint fails (`cetecbd_v1_2`.`tutores`, CONSTRAINT `tutores_ibfk_1` FOREIGN KEY (`IdUsuario`) REFERENCES `usuarios` (`IdUsuario`))
in SYSTEMPATH\Database\BaseConnection.php on line 646.
 1 SYSTEMPATH\Database\BaseBuilder.php(2790): CodeIgniter\Database\BaseConnection->query('DELETE FROM `usuarios`
WHERE `IdUsuario` IN :IdUsuario:', [...], false)
 2 SYSTEMPATH\Model.php(445): CodeIgniter\Database\BaseBuilder->delete()
 3 SYSTEMPATH\BaseModel.php(1080): CodeIgniter\Model->doDelete([...], false)
 4 APPPATH\Controllers\API\Usuarios.php(86): CodeIgniter\BaseModel->delete([...])
 5 SYSTEMPATH\CodeIgniter.php(919): App\Controllers\API\Usuarios->delete('1')
 6 SYSTEMPATH\CodeIgniter.php(494): CodeIgniter\CodeIgniter->runController(Object(App\Controllers\API\Usuarios))
 7 SYSTEMPATH\CodeIgniter.php(353): CodeIgniter\CodeIgniter->handleRequest(null, Object(Config\Cache), false)
 8 FCPATH\index.php(79): CodeIgniter\CodeIgniter->run()
ERROR - 2024-07-14 20:19:18 --> mysqli_sql_exception: Cannot delete or update a parent row: a foreign key constraint fails (`cetecbd_v1_2`.`tutores`, CONSTRAINT `tutores_ibfk_1` FOREIGN KEY (`IdUsuario`) REFERENCES `usuarios` (`IdUsuario`)) in C:\xampp\htdocs\sistema\system\Database\MySQLi\Connection.php:306
Stack trace:
#0 C:\xampp\htdocs\sistema\system\Database\MySQLi\Connection.php(306): mysqli->query('DELETE FROM `us...', 0)
#1 C:\xampp\htdocs\sistema\system\Database\BaseConnection.php(692): CodeIgniter\Database\MySQLi\Connection->execute('DELETE FROM `us...')
#2 C:\xampp\htdocs\sistema\system\Database\BaseConnection.php(606): CodeIgniter\Database\BaseConnection->simpleQuery('DELETE FROM `us...')
#3 C:\xampp\htdocs\sistema\system\Database\BaseBuilder.php(2790): CodeIgniter\Database\BaseConnection->query('DELETE FROM `us...', Array, false)
#4 C:\xampp\htdocs\sistema\system\Model.php(445): CodeIgniter\Database\BaseBuilder->delete()
#5 C:\xampp\htdocs\sistema\system\BaseModel.php(1080): CodeIgniter\Model->doDelete(Array, false)
#6 C:\xampp\htdocs\sistema\app\Controllers\API\Usuarios.php(86): CodeIgniter\BaseModel->delete(Array)
#7 C:\xampp\htdocs\sistema\system\CodeIgniter.php(919): App\Controllers\API\Usuarios->delete('1')
#8 C:\xampp\htdocs\sistema\system\CodeIgniter.php(494): CodeIgniter\CodeIgniter->runController(Object(App\Controllers\API\Usuarios))
#9 C:\xampp\htdocs\sistema\system\CodeIgniter.php(353): CodeIgniter\CodeIgniter->handleRequest(NULL, Object(Config\Cache), false)
#10 C:\xampp\htdocs\sistema\index.php(79): CodeIgniter\CodeIgniter->run()
#11 {main}
CRITICAL - 2024-07-14 20:19:18 --> Cannot delete or update a parent row: a foreign key constraint fails (`cetecbd_v1_2`.`tutores`, CONSTRAINT `tutores_ibfk_1` FOREIGN KEY (`IdUsuario`) REFERENCES `usuarios` (`IdUsuario`))
in SYSTEMPATH\Database\BaseConnection.php on line 646.
 1 SYSTEMPATH\Database\BaseBuilder.php(2790): CodeIgniter\Database\BaseConnection->query('DELETE FROM `usuarios`
WHERE `IdUsuario` IN :IdUsuario:', [...], false)
 2 SYSTEMPATH\Model.php(445): CodeIgniter\Database\BaseBuilder->delete()
 3 SYSTEMPATH\BaseModel.php(1080): CodeIgniter\Model->doDelete([...], false)
 4 APPPATH\Controllers\API\Usuarios.php(86): CodeIgniter\BaseModel->delete([...])
 5 SYSTEMPATH\CodeIgniter.php(919): App\Controllers\API\Usuarios->delete('1')
 6 SYSTEMPATH\CodeIgniter.php(494): CodeIgniter\CodeIgniter->runController(Object(App\Controllers\API\Usuarios))
 7 SYSTEMPATH\CodeIgniter.php(353): CodeIgniter\CodeIgniter->handleRequest(null, Object(Config\Cache), false)
 8 FCPATH\index.php(79): CodeIgniter\CodeIgniter->run()
ERROR - 2024-07-14 20:19:29 --> mysqli_sql_exception: Cannot delete or update a parent row: a foreign key constraint fails (`cetecbd_v1_2`.`tutores`, CONSTRAINT `tutores_ibfk_1` FOREIGN KEY (`IdUsuario`) REFERENCES `usuarios` (`IdUsuario`)) in C:\xampp\htdocs\sistema\system\Database\MySQLi\Connection.php:306
Stack trace:
#0 C:\xampp\htdocs\sistema\system\Database\MySQLi\Connection.php(306): mysqli->query('DELETE FROM `us...', 0)
#1 C:\xampp\htdocs\sistema\system\Database\BaseConnection.php(692): CodeIgniter\Database\MySQLi\Connection->execute('DELETE FROM `us...')
#2 C:\xampp\htdocs\sistema\system\Database\BaseConnection.php(606): CodeIgniter\Database\BaseConnection->simpleQuery('DELETE FROM `us...')
#3 C:\xampp\htdocs\sistema\system\Database\BaseBuilder.php(2790): CodeIgniter\Database\BaseConnection->query('DELETE FROM `us...', Array, false)
#4 C:\xampp\htdocs\sistema\system\Model.php(445): CodeIgniter\Database\BaseBuilder->delete()
#5 C:\xampp\htdocs\sistema\system\BaseModel.php(1080): CodeIgniter\Model->doDelete(Array, false)
#6 C:\xampp\htdocs\sistema\app\Controllers\API\Usuarios.php(86): CodeIgniter\BaseModel->delete(Array)
#7 C:\xampp\htdocs\sistema\system\CodeIgniter.php(919): App\Controllers\API\Usuarios->delete('1')
#8 C:\xampp\htdocs\sistema\system\CodeIgniter.php(494): CodeIgniter\CodeIgniter->runController(Object(App\Controllers\API\Usuarios))
#9 C:\xampp\htdocs\sistema\system\CodeIgniter.php(353): CodeIgniter\CodeIgniter->handleRequest(NULL, Object(Config\Cache), false)
#10 C:\xampp\htdocs\sistema\index.php(79): CodeIgniter\CodeIgniter->run()
#11 {main}
CRITICAL - 2024-07-14 20:19:30 --> Cannot delete or update a parent row: a foreign key constraint fails (`cetecbd_v1_2`.`tutores`, CONSTRAINT `tutores_ibfk_1` FOREIGN KEY (`IdUsuario`) REFERENCES `usuarios` (`IdUsuario`))
in SYSTEMPATH\Database\BaseConnection.php on line 646.
 1 SYSTEMPATH\Database\BaseBuilder.php(2790): CodeIgniter\Database\BaseConnection->query('DELETE FROM `usuarios`
WHERE `IdUsuario` IN :IdUsuario:', [...], false)
 2 SYSTEMPATH\Model.php(445): CodeIgniter\Database\BaseBuilder->delete()
 3 SYSTEMPATH\BaseModel.php(1080): CodeIgniter\Model->doDelete([...], false)
 4 APPPATH\Controllers\API\Usuarios.php(86): CodeIgniter\BaseModel->delete([...])
 5 SYSTEMPATH\CodeIgniter.php(919): App\Controllers\API\Usuarios->delete('1')
 6 SYSTEMPATH\CodeIgniter.php(494): CodeIgniter\CodeIgniter->runController(Object(App\Controllers\API\Usuarios))
 7 SYSTEMPATH\CodeIgniter.php(353): CodeIgniter\CodeIgniter->handleRequest(null, Object(Config\Cache), false)
 8 FCPATH\index.php(79): CodeIgniter\CodeIgniter->run()
ERROR - 2024-07-14 20:19:50 --> mysqli_sql_exception: Cannot delete or update a parent row: a foreign key constraint fails (`cetecbd_v1_2`.`tutores`, CONSTRAINT `tutores_ibfk_1` FOREIGN KEY (`IdUsuario`) REFERENCES `usuarios` (`IdUsuario`)) in C:\xampp\htdocs\sistema\system\Database\MySQLi\Connection.php:306
Stack trace:
#0 C:\xampp\htdocs\sistema\system\Database\MySQLi\Connection.php(306): mysqli->query('DELETE FROM `us...', 0)
#1 C:\xampp\htdocs\sistema\system\Database\BaseConnection.php(692): CodeIgniter\Database\MySQLi\Connection->execute('DELETE FROM `us...')
#2 C:\xampp\htdocs\sistema\system\Database\BaseConnection.php(606): CodeIgniter\Database\BaseConnection->simpleQuery('DELETE FROM `us...')
#3 C:\xampp\htdocs\sistema\system\Database\BaseBuilder.php(2790): CodeIgniter\Database\BaseConnection->query('DELETE FROM `us...', Array, false)
#4 C:\xampp\htdocs\sistema\system\Model.php(445): CodeIgniter\Database\BaseBuilder->delete()
#5 C:\xampp\htdocs\sistema\system\BaseModel.php(1080): CodeIgniter\Model->doDelete(Array, false)
#6 C:\xampp\htdocs\sistema\app\Controllers\API\Usuarios.php(86): CodeIgniter\BaseModel->delete(Array)
#7 C:\xampp\htdocs\sistema\system\CodeIgniter.php(919): App\Controllers\API\Usuarios->delete('1')
#8 C:\xampp\htdocs\sistema\system\CodeIgniter.php(494): CodeIgniter\CodeIgniter->runController(Object(App\Controllers\API\Usuarios))
#9 C:\xampp\htdocs\sistema\system\CodeIgniter.php(353): CodeIgniter\CodeIgniter->handleRequest(NULL, Object(Config\Cache), false)
#10 C:\xampp\htdocs\sistema\index.php(79): CodeIgniter\CodeIgniter->run()
#11 {main}
CRITICAL - 2024-07-14 20:19:50 --> Cannot delete or update a parent row: a foreign key constraint fails (`cetecbd_v1_2`.`tutores`, CONSTRAINT `tutores_ibfk_1` FOREIGN KEY (`IdUsuario`) REFERENCES `usuarios` (`IdUsuario`))
in SYSTEMPATH\Database\BaseConnection.php on line 646.
 1 SYSTEMPATH\Database\BaseBuilder.php(2790): CodeIgniter\Database\BaseConnection->query('DELETE FROM `usuarios`
WHERE `IdUsuario` IN :IdUsuario:', [...], false)
 2 SYSTEMPATH\Model.php(445): CodeIgniter\Database\BaseBuilder->delete()
 3 SYSTEMPATH\BaseModel.php(1080): CodeIgniter\Model->doDelete([...], false)
 4 APPPATH\Controllers\API\Usuarios.php(86): CodeIgniter\BaseModel->delete([...])
 5 SYSTEMPATH\CodeIgniter.php(919): App\Controllers\API\Usuarios->delete('1')
 6 SYSTEMPATH\CodeIgniter.php(494): CodeIgniter\CodeIgniter->runController(Object(App\Controllers\API\Usuarios))
 7 SYSTEMPATH\CodeIgniter.php(353): CodeIgniter\CodeIgniter->handleRequest(null, Object(Config\Cache), false)
 8 FCPATH\index.php(79): CodeIgniter\CodeIgniter->run()
ERROR - 2024-07-14 20:20:02 --> mysqli_sql_exception: Cannot delete or update a parent row: a foreign key constraint fails (`cetecbd_v1_2`.`tutores`, CONSTRAINT `tutores_ibfk_1` FOREIGN KEY (`IdUsuario`) REFERENCES `usuarios` (`IdUsuario`)) in C:\xampp\htdocs\sistema\system\Database\MySQLi\Connection.php:306
Stack trace:
#0 C:\xampp\htdocs\sistema\system\Database\MySQLi\Connection.php(306): mysqli->query('DELETE FROM `us...', 0)
#1 C:\xampp\htdocs\sistema\system\Database\BaseConnection.php(692): CodeIgniter\Database\MySQLi\Connection->execute('DELETE FROM `us...')
#2 C:\xampp\htdocs\sistema\system\Database\BaseConnection.php(606): CodeIgniter\Database\BaseConnection->simpleQuery('DELETE FROM `us...')
#3 C:\xampp\htdocs\sistema\system\Database\BaseBuilder.php(2790): CodeIgniter\Database\BaseConnection->query('DELETE FROM `us...', Array, false)
#4 C:\xampp\htdocs\sistema\system\Model.php(445): CodeIgniter\Database\BaseBuilder->delete()
#5 C:\xampp\htdocs\sistema\system\BaseModel.php(1080): CodeIgniter\Model->doDelete(Array, false)
#6 C:\xampp\htdocs\sistema\app\Controllers\API\Usuarios.php(86): CodeIgniter\BaseModel->delete(Array)
#7 C:\xampp\htdocs\sistema\system\CodeIgniter.php(919): App\Controllers\API\Usuarios->delete('1')
#8 C:\xampp\htdocs\sistema\system\CodeIgniter.php(494): CodeIgniter\CodeIgniter->runController(Object(App\Controllers\API\Usuarios))
#9 C:\xampp\htdocs\sistema\system\CodeIgniter.php(353): CodeIgniter\CodeIgniter->handleRequest(NULL, Object(Config\Cache), false)
#10 C:\xampp\htdocs\sistema\index.php(79): CodeIgniter\CodeIgniter->run()
#11 {main}
CRITICAL - 2024-07-14 20:20:03 --> Cannot delete or update a parent row: a foreign key constraint fails (`cetecbd_v1_2`.`tutores`, CONSTRAINT `tutores_ibfk_1` FOREIGN KEY (`IdUsuario`) REFERENCES `usuarios` (`IdUsuario`))
in SYSTEMPATH\Database\BaseConnection.php on line 646.
 1 SYSTEMPATH\Database\BaseBuilder.php(2790): CodeIgniter\Database\BaseConnection->query('DELETE FROM `usuarios`
WHERE `IdUsuario` IN :IdUsuario:', [...], false)
 2 SYSTEMPATH\Model.php(445): CodeIgniter\Database\BaseBuilder->delete()
 3 SYSTEMPATH\BaseModel.php(1080): CodeIgniter\Model->doDelete([...], false)
 4 APPPATH\Controllers\API\Usuarios.php(86): CodeIgniter\BaseModel->delete([...])
 5 SYSTEMPATH\CodeIgniter.php(919): App\Controllers\API\Usuarios->delete('1')
 6 SYSTEMPATH\CodeIgniter.php(494): CodeIgniter\CodeIgniter->runController(Object(App\Controllers\API\Usuarios))
 7 SYSTEMPATH\CodeIgniter.php(353): CodeIgniter\CodeIgniter->handleRequest(null, Object(Config\Cache), false)
 8 FCPATH\index.php(79): CodeIgniter\CodeIgniter->run()
ERROR - 2024-07-14 20:24:14 --> mysqli_sql_exception: Cannot delete or update a parent row: a foreign key constraint fails (`cetecbd_v1_2`.`tutores`, CONSTRAINT `tutores_ibfk_1` FOREIGN KEY (`IdUsuario`) REFERENCES `usuarios` (`IdUsuario`)) in C:\xampp\htdocs\sistema\system\Database\MySQLi\Connection.php:306
Stack trace:
#0 C:\xampp\htdocs\sistema\system\Database\MySQLi\Connection.php(306): mysqli->query('DELETE FROM `us...', 0)
#1 C:\xampp\htdocs\sistema\system\Database\BaseConnection.php(692): CodeIgniter\Database\MySQLi\Connection->execute('DELETE FROM `us...')
#2 C:\xampp\htdocs\sistema\system\Database\BaseConnection.php(606): CodeIgniter\Database\BaseConnection->simpleQuery('DELETE FROM `us...')
#3 C:\xampp\htdocs\sistema\system\Database\BaseBuilder.php(2790): CodeIgniter\Database\BaseConnection->query('DELETE FROM `us...', Array, false)
#4 C:\xampp\htdocs\sistema\system\Model.php(445): CodeIgniter\Database\BaseBuilder->delete()
#5 C:\xampp\htdocs\sistema\system\BaseModel.php(1080): CodeIgniter\Model->doDelete(Array, false)
#6 C:\xampp\htdocs\sistema\app\Controllers\API\Usuarios.php(86): CodeIgniter\BaseModel->delete(Array)
#7 C:\xampp\htdocs\sistema\system\CodeIgniter.php(919): App\Controllers\API\Usuarios->delete('1')
#8 C:\xampp\htdocs\sistema\system\CodeIgniter.php(494): CodeIgniter\CodeIgniter->runController(Object(App\Controllers\API\Usuarios))
#9 C:\xampp\htdocs\sistema\system\CodeIgniter.php(353): CodeIgniter\CodeIgniter->handleRequest(NULL, Object(Config\Cache), false)
#10 C:\xampp\htdocs\sistema\index.php(79): CodeIgniter\CodeIgniter->run()
#11 {main}
CRITICAL - 2024-07-14 20:24:14 --> Cannot delete or update a parent row: a foreign key constraint fails (`cetecbd_v1_2`.`tutores`, CONSTRAINT `tutores_ibfk_1` FOREIGN KEY (`IdUsuario`) REFERENCES `usuarios` (`IdUsuario`))
in SYSTEMPATH\Database\BaseConnection.php on line 646.
 1 SYSTEMPATH\Database\BaseBuilder.php(2790): CodeIgniter\Database\BaseConnection->query('DELETE FROM `usuarios`
WHERE `IdUsuario` IN :IdUsuario:', [...], false)
 2 SYSTEMPATH\Model.php(445): CodeIgniter\Database\BaseBuilder->delete()
 3 SYSTEMPATH\BaseModel.php(1080): CodeIgniter\Model->doDelete([...], false)
 4 APPPATH\Controllers\API\Usuarios.php(86): CodeIgniter\BaseModel->delete([...])
 5 SYSTEMPATH\CodeIgniter.php(919): App\Controllers\API\Usuarios->delete('1')
 6 SYSTEMPATH\CodeIgniter.php(494): CodeIgniter\CodeIgniter->runController(Object(App\Controllers\API\Usuarios))
 7 SYSTEMPATH\CodeIgniter.php(353): CodeIgniter\CodeIgniter->handleRequest(null, Object(Config\Cache), false)
 8 FCPATH\index.php(79): CodeIgniter\CodeIgniter->run()
ERROR - 2024-07-14 20:25:33 --> mysqli_sql_exception: Cannot delete or update a parent row: a foreign key constraint fails (`cetecbd_v1_2`.`tutores`, CONSTRAINT `tutores_ibfk_1` FOREIGN KEY (`IdUsuario`) REFERENCES `usuarios` (`IdUsuario`)) in C:\xampp\htdocs\sistema\system\Database\MySQLi\Connection.php:306
Stack trace:
#0 C:\xampp\htdocs\sistema\system\Database\MySQLi\Connection.php(306): mysqli->query('DELETE FROM `us...', 0)
#1 C:\xampp\htdocs\sistema\system\Database\BaseConnection.php(692): CodeIgniter\Database\MySQLi\Connection->execute('DELETE FROM `us...')
#2 C:\xampp\htdocs\sistema\system\Database\BaseConnection.php(606): CodeIgniter\Database\BaseConnection->simpleQuery('DELETE FROM `us...')
#3 C:\xampp\htdocs\sistema\system\Database\BaseBuilder.php(2790): CodeIgniter\Database\BaseConnection->query('DELETE FROM `us...', Array, false)
#4 C:\xampp\htdocs\sistema\system\Model.php(445): CodeIgniter\Database\BaseBuilder->delete()
#5 C:\xampp\htdocs\sistema\system\BaseModel.php(1080): CodeIgniter\Model->doDelete(Array, false)
#6 C:\xampp\htdocs\sistema\app\Controllers\API\Usuarios.php(86): CodeIgniter\BaseModel->delete(Array)
#7 C:\xampp\htdocs\sistema\system\CodeIgniter.php(919): App\Controllers\API\Usuarios->delete('1')
#8 C:\xampp\htdocs\sistema\system\CodeIgniter.php(494): CodeIgniter\CodeIgniter->runController(Object(App\Controllers\API\Usuarios))
#9 C:\xampp\htdocs\sistema\system\CodeIgniter.php(353): CodeIgniter\CodeIgniter->handleRequest(NULL, Object(Config\Cache), false)
#10 C:\xampp\htdocs\sistema\index.php(79): CodeIgniter\CodeIgniter->run()
#11 {main}
CRITICAL - 2024-07-14 20:25:33 --> Cannot delete or update a parent row: a foreign key constraint fails (`cetecbd_v1_2`.`tutores`, CONSTRAINT `tutores_ibfk_1` FOREIGN KEY (`IdUsuario`) REFERENCES `usuarios` (`IdUsuario`))
in SYSTEMPATH\Database\BaseConnection.php on line 646.
 1 SYSTEMPATH\Database\BaseBuilder.php(2790): CodeIgniter\Database\BaseConnection->query('DELETE FROM `usuarios`
WHERE `IdUsuario` IN :IdUsuario:', [...], false)
 2 SYSTEMPATH\Model.php(445): CodeIgniter\Database\BaseBuilder->delete()
 3 SYSTEMPATH\BaseModel.php(1080): CodeIgniter\Model->doDelete([...], false)
 4 APPPATH\Controllers\API\Usuarios.php(86): CodeIgniter\BaseModel->delete([...])
 5 SYSTEMPATH\CodeIgniter.php(919): App\Controllers\API\Usuarios->delete('1')
 6 SYSTEMPATH\CodeIgniter.php(494): CodeIgniter\CodeIgniter->runController(Object(App\Controllers\API\Usuarios))
 7 SYSTEMPATH\CodeIgniter.php(353): CodeIgniter\CodeIgniter->handleRequest(null, Object(Config\Cache), false)
 8 FCPATH\index.php(79): CodeIgniter\CodeIgniter->run()
ERROR - 2024-07-14 20:50:25 --> mysqli_sql_exception: Cannot delete or update a parent row: a foreign key constraint fails (`cetecbd_v1_2`.`tutores`, CONSTRAINT `tutores_ibfk_1` FOREIGN KEY (`IdUsuario`) REFERENCES `usuarios` (`IdUsuario`)) in C:\xampp\htdocs\sistema\system\Database\MySQLi\Connection.php:306
Stack trace:
#0 C:\xampp\htdocs\sistema\system\Database\MySQLi\Connection.php(306): mysqli->query('DELETE FROM `us...', 0)
#1 C:\xampp\htdocs\sistema\system\Database\BaseConnection.php(692): CodeIgniter\Database\MySQLi\Connection->execute('DELETE FROM `us...')
#2 C:\xampp\htdocs\sistema\system\Database\BaseConnection.php(606): CodeIgniter\Database\BaseConnection->simpleQuery('DELETE FROM `us...')
#3 C:\xampp\htdocs\sistema\system\Database\BaseBuilder.php(2790): CodeIgniter\Database\BaseConnection->query('DELETE FROM `us...', Array, false)
#4 C:\xampp\htdocs\sistema\system\Model.php(445): CodeIgniter\Database\BaseBuilder->delete()
#5 C:\xampp\htdocs\sistema\system\BaseModel.php(1080): CodeIgniter\Model->doDelete(Array, false)
#6 C:\xampp\htdocs\sistema\app\Controllers\API\Usuarios.php(86): CodeIgniter\BaseModel->delete(Array)
#7 C:\xampp\htdocs\sistema\system\CodeIgniter.php(919): App\Controllers\API\Usuarios->delete('1')
#8 C:\xampp\htdocs\sistema\system\CodeIgniter.php(494): CodeIgniter\CodeIgniter->runController(Object(App\Controllers\API\Usuarios))
#9 C:\xampp\htdocs\sistema\system\CodeIgniter.php(353): CodeIgniter\CodeIgniter->handleRequest(NULL, Object(Config\Cache), false)
#10 C:\xampp\htdocs\sistema\index.php(79): CodeIgniter\CodeIgniter->run()
#11 {main}
CRITICAL - 2024-07-14 20:50:26 --> Cannot delete or update a parent row: a foreign key constraint fails (`cetecbd_v1_2`.`tutores`, CONSTRAINT `tutores_ibfk_1` FOREIGN KEY (`IdUsuario`) REFERENCES `usuarios` (`IdUsuario`))
in SYSTEMPATH\Database\BaseConnection.php on line 646.
 1 SYSTEMPATH\Database\BaseBuilder.php(2790): CodeIgniter\Database\BaseConnection->query('DELETE FROM `usuarios`
WHERE `IdUsuario` IN :IdUsuario:', [...], false)
 2 SYSTEMPATH\Model.php(445): CodeIgniter\Database\BaseBuilder->delete()
 3 SYSTEMPATH\BaseModel.php(1080): CodeIgniter\Model->doDelete([...], false)
 4 APPPATH\Controllers\API\Usuarios.php(86): CodeIgniter\BaseModel->delete([...])
 5 SYSTEMPATH\CodeIgniter.php(919): App\Controllers\API\Usuarios->delete('1')
 6 SYSTEMPATH\CodeIgniter.php(494): CodeIgniter\CodeIgniter->runController(Object(App\Controllers\API\Usuarios))
 7 SYSTEMPATH\CodeIgniter.php(353): CodeIgniter\CodeIgniter->handleRequest(null, Object(Config\Cache), false)
 8 FCPATH\index.php(79): CodeIgniter\CodeIgniter->run()
ERROR - 2024-07-14 20:51:03 --> mysqli_sql_exception: Cannot delete or update a parent row: a foreign key constraint fails (`cetecbd_v1_2`.`tutores`, CONSTRAINT `tutores_ibfk_1` FOREIGN KEY (`IdUsuario`) REFERENCES `usuarios` (`IdUsuario`)) in C:\xampp\htdocs\sistema\system\Database\MySQLi\Connection.php:306
Stack trace:
#0 C:\xampp\htdocs\sistema\system\Database\MySQLi\Connection.php(306): mysqli->query('DELETE FROM `us...', 0)
#1 C:\xampp\htdocs\sistema\system\Database\BaseConnection.php(692): CodeIgniter\Database\MySQLi\Connection->execute('DELETE FROM `us...')
#2 C:\xampp\htdocs\sistema\system\Database\BaseConnection.php(606): CodeIgniter\Database\BaseConnection->simpleQuery('DELETE FROM `us...')
#3 C:\xampp\htdocs\sistema\system\Database\BaseBuilder.php(2790): CodeIgniter\Database\BaseConnection->query('DELETE FROM `us...', Array, false)
#4 C:\xampp\htdocs\sistema\system\Model.php(445): CodeIgniter\Database\BaseBuilder->delete()
#5 C:\xampp\htdocs\sistema\system\BaseModel.php(1080): CodeIgniter\Model->doDelete(Array, false)
#6 C:\xampp\htdocs\sistema\app\Controllers\API\Usuarios.php(86): CodeIgniter\BaseModel->delete(Array)
#7 C:\xampp\htdocs\sistema\system\CodeIgniter.php(919): App\Controllers\API\Usuarios->delete('1')
#8 C:\xampp\htdocs\sistema\system\CodeIgniter.php(494): CodeIgniter\CodeIgniter->runController(Object(App\Controllers\API\Usuarios))
#9 C:\xampp\htdocs\sistema\system\CodeIgniter.php(353): CodeIgniter\CodeIgniter->handleRequest(NULL, Object(Config\Cache), false)
#10 C:\xampp\htdocs\sistema\index.php(79): CodeIgniter\CodeIgniter->run()
#11 {main}
CRITICAL - 2024-07-14 20:51:03 --> Cannot delete or update a parent row: a foreign key constraint fails (`cetecbd_v1_2`.`tutores`, CONSTRAINT `tutores_ibfk_1` FOREIGN KEY (`IdUsuario`) REFERENCES `usuarios` (`IdUsuario`))
in SYSTEMPATH\Database\BaseConnection.php on line 646.
 1 SYSTEMPATH\Database\BaseBuilder.php(2790): CodeIgniter\Database\BaseConnection->query('DELETE FROM `usuarios`
WHERE `IdUsuario` IN :IdUsuario:', [...], false)
 2 SYSTEMPATH\Model.php(445): CodeIgniter\Database\BaseBuilder->delete()
 3 SYSTEMPATH\BaseModel.php(1080): CodeIgniter\Model->doDelete([...], false)
 4 APPPATH\Controllers\API\Usuarios.php(86): CodeIgniter\BaseModel->delete([...])
 5 SYSTEMPATH\CodeIgniter.php(919): App\Controllers\API\Usuarios->delete('1')
 6 SYSTEMPATH\CodeIgniter.php(494): CodeIgniter\CodeIgniter->runController(Object(App\Controllers\API\Usuarios))
 7 SYSTEMPATH\CodeIgniter.php(353): CodeIgniter\CodeIgniter->handleRequest(null, Object(Config\Cache), false)
 8 FCPATH\index.php(79): CodeIgniter\CodeIgniter->run()
ERROR - 2024-07-14 20:54:05 --> mysqli_sql_exception: Cannot delete or update a parent row: a foreign key constraint fails (`cetecbd_v1_2`.`tutores`, CONSTRAINT `tutores_ibfk_1` FOREIGN KEY (`IdUsuario`) REFERENCES `usuarios` (`IdUsuario`)) in C:\xampp\htdocs\sistema\system\Database\MySQLi\Connection.php:306
Stack trace:
#0 C:\xampp\htdocs\sistema\system\Database\MySQLi\Connection.php(306): mysqli->query('DELETE FROM `us...', 0)
#1 C:\xampp\htdocs\sistema\system\Database\BaseConnection.php(692): CodeIgniter\Database\MySQLi\Connection->execute('DELETE FROM `us...')
#2 C:\xampp\htdocs\sistema\system\Database\BaseConnection.php(606): CodeIgniter\Database\BaseConnection->simpleQuery('DELETE FROM `us...')
#3 C:\xampp\htdocs\sistema\system\Database\BaseBuilder.php(2790): CodeIgniter\Database\BaseConnection->query('DELETE FROM `us...', Array, false)
#4 C:\xampp\htdocs\sistema\system\Model.php(445): CodeIgniter\Database\BaseBuilder->delete()
#5 C:\xampp\htdocs\sistema\system\BaseModel.php(1080): CodeIgniter\Model->doDelete(Array, false)
#6 C:\xampp\htdocs\sistema\app\Controllers\API\Usuarios.php(86): CodeIgniter\BaseModel->delete(Array)
#7 C:\xampp\htdocs\sistema\system\CodeIgniter.php(919): App\Controllers\API\Usuarios->delete('1')
#8 C:\xampp\htdocs\sistema\system\CodeIgniter.php(494): CodeIgniter\CodeIgniter->runController(Object(App\Controllers\API\Usuarios))
#9 C:\xampp\htdocs\sistema\system\CodeIgniter.php(353): CodeIgniter\CodeIgniter->handleRequest(NULL, Object(Config\Cache), false)
#10 C:\xampp\htdocs\sistema\index.php(79): CodeIgniter\CodeIgniter->run()
#11 {main}
CRITICAL - 2024-07-14 20:54:06 --> Cannot delete or update a parent row: a foreign key constraint fails (`cetecbd_v1_2`.`tutores`, CONSTRAINT `tutores_ibfk_1` FOREIGN KEY (`IdUsuario`) REFERENCES `usuarios` (`IdUsuario`))
in SYSTEMPATH\Database\BaseConnection.php on line 646.
 1 SYSTEMPATH\Database\BaseBuilder.php(2790): CodeIgniter\Database\BaseConnection->query('DELETE FROM `usuarios`
WHERE `IdUsuario` IN :IdUsuario:', [...], false)
 2 SYSTEMPATH\Model.php(445): CodeIgniter\Database\BaseBuilder->delete()
 3 SYSTEMPATH\BaseModel.php(1080): CodeIgniter\Model->doDelete([...], false)
 4 APPPATH\Controllers\API\Usuarios.php(86): CodeIgniter\BaseModel->delete([...])
 5 SYSTEMPATH\CodeIgniter.php(919): App\Controllers\API\Usuarios->delete('1')
 6 SYSTEMPATH\CodeIgniter.php(494): CodeIgniter\CodeIgniter->runController(Object(App\Controllers\API\Usuarios))
 7 SYSTEMPATH\CodeIgniter.php(353): CodeIgniter\CodeIgniter->handleRequest(null, Object(Config\Cache), false)
 8 FCPATH\index.php(79): CodeIgniter\CodeIgniter->run()
ERROR - 2024-07-14 20:54:13 --> mysqli_sql_exception: Cannot delete or update a parent row: a foreign key constraint fails (`cetecbd_v1_2`.`tutores`, CONSTRAINT `tutores_ibfk_1` FOREIGN KEY (`IdUsuario`) REFERENCES `usuarios` (`IdUsuario`)) in C:\xampp\htdocs\sistema\system\Database\MySQLi\Connection.php:306
Stack trace:
#0 C:\xampp\htdocs\sistema\system\Database\MySQLi\Connection.php(306): mysqli->query('DELETE FROM `us...', 0)
#1 C:\xampp\htdocs\sistema\system\Database\BaseConnection.php(692): CodeIgniter\Database\MySQLi\Connection->execute('DELETE FROM `us...')
#2 C:\xampp\htdocs\sistema\system\Database\BaseConnection.php(606): CodeIgniter\Database\BaseConnection->simpleQuery('DELETE FROM `us...')
#3 C:\xampp\htdocs\sistema\system\Database\BaseBuilder.php(2790): CodeIgniter\Database\BaseConnection->query('DELETE FROM `us...', Array, false)
#4 C:\xampp\htdocs\sistema\system\Model.php(445): CodeIgniter\Database\BaseBuilder->delete()
#5 C:\xampp\htdocs\sistema\system\BaseModel.php(1080): CodeIgniter\Model->doDelete(Array, false)
#6 C:\xampp\htdocs\sistema\app\Controllers\API\Usuarios.php(86): CodeIgniter\BaseModel->delete(Array)
#7 C:\xampp\htdocs\sistema\system\CodeIgniter.php(919): App\Controllers\API\Usuarios->delete('1')
#8 C:\xampp\htdocs\sistema\system\CodeIgniter.php(494): CodeIgniter\CodeIgniter->runController(Object(App\Controllers\API\Usuarios))
#9 C:\xampp\htdocs\sistema\system\CodeIgniter.php(353): CodeIgniter\CodeIgniter->handleRequest(NULL, Object(Config\Cache), false)
#10 C:\xampp\htdocs\sistema\index.php(79): CodeIgniter\CodeIgniter->run()
#11 {main}
CRITICAL - 2024-07-14 20:54:14 --> Cannot delete or update a parent row: a foreign key constraint fails (`cetecbd_v1_2`.`tutores`, CONSTRAINT `tutores_ibfk_1` FOREIGN KEY (`IdUsuario`) REFERENCES `usuarios` (`IdUsuario`))
in SYSTEMPATH\Database\BaseConnection.php on line 646.
 1 SYSTEMPATH\Database\BaseBuilder.php(2790): CodeIgniter\Database\BaseConnection->query('DELETE FROM `usuarios`
WHERE `IdUsuario` IN :IdUsuario:', [...], false)
 2 SYSTEMPATH\Model.php(445): CodeIgniter\Database\BaseBuilder->delete()
 3 SYSTEMPATH\BaseModel.php(1080): CodeIgniter\Model->doDelete([...], false)
 4 APPPATH\Controllers\API\Usuarios.php(86): CodeIgniter\BaseModel->delete([...])
 5 SYSTEMPATH\CodeIgniter.php(919): App\Controllers\API\Usuarios->delete('1')
 6 SYSTEMPATH\CodeIgniter.php(494): CodeIgniter\CodeIgniter->runController(Object(App\Controllers\API\Usuarios))
 7 SYSTEMPATH\CodeIgniter.php(353): CodeIgniter\CodeIgniter->handleRequest(null, Object(Config\Cache), false)
 8 FCPATH\index.php(79): CodeIgniter\CodeIgniter->run()
